2019-08-28 20:57:03.388  INFO 5992 --- [restartedMain] c.s.r.view.RedHeartViewApplication       : Starting RedHeartViewApplication on PC-201809130123 with PID 5992 (F:\SINOTHK\IT\Workspace\RedHeartLab\code\RedHeartLib\RedHeart-View\target\classes started by Administrator in F:\SINOTHK\IT\Workspace\RedHeartLab\code\RedHeartLib)
2019-08-28 20:57:03.392  INFO 5992 --- [restartedMain] c.s.r.view.RedHeartViewApplication       : The following profiles are active: dev
2019-08-28 20:57:03.459  INFO 5992 --- [restartedMain] .e.DevToolsPropertyDefaultsPostProcessor : Devtools property defaults active! Set 'spring.devtools.add-properties' to 'false' to disable
2019-08-28 20:57:03.459  INFO 5992 --- [restartedMain] .e.DevToolsPropertyDefaultsPostProcessor : For additional web related logging consider setting the 'logging.level.web' property to 'DEBUG'
2019-08-28 20:57:04.127  WARN 5992 --- [restartedMain] o.m.s.mapper.ClassPathMapperScanner      : No MyBatis mapper was found in '[com.sinothk.redheart.view]' package. Please check your configuration.
2019-08-28 20:57:04.695  INFO 5992 --- [restartedMain] o.s.b.w.embedded.tomcat.TomcatWebServer  : Tomcat initialized with port(s): 6001 (http)
2019-08-28 20:57:04.713  INFO 5992 --- [restartedMain] o.apache.catalina.core.StandardService   : Starting service [Tomcat]
2019-08-28 20:57:04.713  INFO 5992 --- [restartedMain] org.apache.catalina.core.StandardEngine  : Starting Servlet engine: [Apache Tomcat/9.0.22]
2019-08-28 20:57:04.719  INFO 5992 --- [restartedMain] o.a.catalina.core.AprLifecycleListener   : An older version [1.2.14] of the APR based Apache Tomcat Native library is installed, while Tomcat recommends a minimum version of [1.2.23]
2019-08-28 20:57:04.719  INFO 5992 --- [restartedMain] o.a.catalina.core.AprLifecycleListener   : Loaded APR based Apache Tomcat Native library [1.2.14] using APR version [1.6.2].
2019-08-28 20:57:04.719  INFO 5992 --- [restartedMain] o.a.catalina.core.AprLifecycleListener   : APR capabilities: IPv6 [true], sendfile [true], accept filters [false], random [true].
2019-08-28 20:57:04.719  INFO 5992 --- [restartedMain] o.a.catalina.core.AprLifecycleListener   : APR/OpenSSL configuration: useAprConnector [false], useOpenSSL [true]
2019-08-28 20:57:05.762  INFO 5992 --- [restartedMain] o.a.catalina.core.AprLifecycleListener   : OpenSSL successfully initialized [OpenSSL 1.0.2l  25 May 2017]
2019-08-28 20:57:05.885  INFO 5992 --- [restartedMain] o.a.c.c.C.[Tomcat].[localhost].[/]       : Initializing Spring embedded WebApplicationContext
2019-08-28 20:57:05.885 DEBUG 5992 --- [restartedMain] o.s.web.context.ContextLoader            : Published root WebApplicationContext as ServletContext attribute with name [org.springframework.web.context.WebApplicationContext.ROOT]
2019-08-28 20:57:05.885  INFO 5992 --- [restartedMain] o.s.web.context.ContextLoader            : Root WebApplicationContext: initialization completed in 2425 ms
2019-08-28 20:57:05.969 DEBUG 5992 --- [restartedMain] o.s.w.s.handler.SimpleUrlHandlerMapping  : Patterns [/**/favicon.ico] in 'faviconHandlerMapping'
2019-08-28 20:57:06.077  INFO 5992 --- [restartedMain] o.s.s.concurrent.ThreadPoolTaskExecutor  : Initializing ExecutorService 'applicationTaskExecutor'
2019-08-28 20:57:06.088 DEBUG 5992 --- [restartedMain] s.w.s.m.m.a.RequestMappingHandlerAdapter : ControllerAdvice beans: 0 @ModelAttribute, 0 @InitBinder, 1 RequestBodyAdvice, 1 ResponseBodyAdvice
2019-08-28 20:57:06.126 DEBUG 5992 --- [restartedMain] s.w.s.m.m.a.RequestMappingHandlerMapping : 2 mappings in 'requestMappingHandlerMapping'
2019-08-28 20:57:06.141 DEBUG 5992 --- [restartedMain] o.s.w.s.handler.SimpleUrlHandlerMapping  : Patterns [/webjars/**, /**] in 'resourceHandlerMapping'
2019-08-28 20:57:06.149 DEBUG 5992 --- [restartedMain] .m.m.a.ExceptionHandlerExceptionResolver : ControllerAdvice beans: 0 @ExceptionHandler, 1 ResponseBodyAdvice
2019-08-28 20:57:06.168  WARN 5992 --- [restartedMain] ion$DefaultTemplateResolverConfiguration : Cannot find template location: classpath:/templates/ (please add some templates or check your Thymeleaf configuration)
2019-08-28 20:57:06.293  INFO 5992 --- [restartedMain] com.zaxxer.hikari.HikariDataSource       : HikariPool-1 - Starting...
2019-08-28 20:57:06.452  INFO 5992 --- [restartedMain] com.zaxxer.hikari.HikariDataSource       : HikariPool-1 - Start completed.
2019-08-28 20:57:06.549  INFO 5992 --- [restartedMain] o.s.b.d.a.OptionalLiveReloadServer       : LiveReload server is running on port 35729
2019-08-28 20:57:06.602  INFO 5992 --- [restartedMain] o.s.b.w.embedded.tomcat.TomcatWebServer  : Tomcat started on port(s): 6001 (http) with context path ''
2019-08-28 20:57:06.605  INFO 5992 --- [restartedMain] c.s.r.view.RedHeartViewApplication       : Started RedHeartViewApplication in 3.781 seconds (JVM running for 4.917)
2019-08-28 21:19:40.064  INFO 4532 --- [restartedMain] c.s.r.view.RedHeartViewApplication       : Starting RedHeartViewApplication on PC-201809130123 with PID 4532 (F:\SINOTHK\IT\Workspace\RedHeartLab\code\RedHeartLib\RedHeart-View\target\classes started by Administrator in F:\SINOTHK\IT\Workspace\RedHeartLab\code\RedHeartLib)
2019-08-28 21:19:40.066  INFO 4532 --- [restartedMain] c.s.r.view.RedHeartViewApplication       : The following profiles are active: dev
2019-08-28 21:19:40.104  INFO 4532 --- [restartedMain] .e.DevToolsPropertyDefaultsPostProcessor : Devtools property defaults active! Set 'spring.devtools.add-properties' to 'false' to disable
2019-08-28 21:19:40.104  INFO 4532 --- [restartedMain] .e.DevToolsPropertyDefaultsPostProcessor : For additional web related logging consider setting the 'logging.level.web' property to 'DEBUG'
2019-08-28 21:19:40.774  WARN 4532 --- [restartedMain] o.m.s.mapper.ClassPathMapperScanner      : No MyBatis mapper was found in '[com.sinothk.redheart.view]' package. Please check your configuration.
2019-08-28 21:19:41.376  INFO 4532 --- [restartedMain] o.s.b.w.embedded.tomcat.TomcatWebServer  : Tomcat initialized with port(s): 6001 (http)
2019-08-28 21:19:41.398  INFO 4532 --- [restartedMain] o.apache.catalina.core.StandardService   : Starting service [Tomcat]
2019-08-28 21:19:41.398  INFO 4532 --- [restartedMain] org.apache.catalina.core.StandardEngine  : Starting Servlet engine: [Apache Tomcat/9.0.22]
2019-08-28 21:19:41.404  INFO 4532 --- [restartedMain] o.a.catalina.core.AprLifecycleListener   : An older version [1.2.14] of the APR based Apache Tomcat Native library is installed, while Tomcat recommends a minimum version of [1.2.23]
2019-08-28 21:19:41.404  INFO 4532 --- [restartedMain] o.a.catalina.core.AprLifecycleListener   : Loaded APR based Apache Tomcat Native library [1.2.14] using APR version [1.6.2].
2019-08-28 21:19:41.404  INFO 4532 --- [restartedMain] o.a.catalina.core.AprLifecycleListener   : APR capabilities: IPv6 [true], sendfile [true], accept filters [false], random [true].
2019-08-28 21:19:41.404  INFO 4532 --- [restartedMain] o.a.catalina.core.AprLifecycleListener   : APR/OpenSSL configuration: useAprConnector [false], useOpenSSL [true]
2019-08-28 21:19:42.457  INFO 4532 --- [restartedMain] o.a.catalina.core.AprLifecycleListener   : OpenSSL successfully initialized [OpenSSL 1.0.2l  25 May 2017]
2019-08-28 21:19:42.597  INFO 4532 --- [restartedMain] o.a.c.c.C.[Tomcat].[localhost].[/]       : Initializing Spring embedded WebApplicationContext
2019-08-28 21:19:42.597 DEBUG 4532 --- [restartedMain] o.s.web.context.ContextLoader            : Published root WebApplicationContext as ServletContext attribute with name [org.springframework.web.context.WebApplicationContext.ROOT]
2019-08-28 21:19:42.597  INFO 4532 --- [restartedMain] o.s.web.context.ContextLoader            : Root WebApplicationContext: initialization completed in 2493 ms
2019-08-28 21:19:42.696 DEBUG 4532 --- [restartedMain] o.s.w.s.handler.SimpleUrlHandlerMapping  : Patterns [/**/favicon.ico] in 'faviconHandlerMapping'
2019-08-28 21:19:42.804  INFO 4532 --- [restartedMain] o.s.s.concurrent.ThreadPoolTaskExecutor  : Initializing ExecutorService 'applicationTaskExecutor'
2019-08-28 21:19:42.814 DEBUG 4532 --- [restartedMain] s.w.s.m.m.a.RequestMappingHandlerAdapter : ControllerAdvice beans: 0 @ModelAttribute, 0 @InitBinder, 1 RequestBodyAdvice, 1 ResponseBodyAdvice
2019-08-28 21:19:42.855 DEBUG 4532 --- [restartedMain] s.w.s.m.m.a.RequestMappingHandlerMapping : 2 mappings in 'requestMappingHandlerMapping'
2019-08-28 21:19:42.872 DEBUG 4532 --- [restartedMain] o.s.w.s.handler.SimpleUrlHandlerMapping  : Patterns [/webjars/**, /**] in 'resourceHandlerMapping'
2019-08-28 21:19:42.880 DEBUG 4532 --- [restartedMain] .m.m.a.ExceptionHandlerExceptionResolver : ControllerAdvice beans: 0 @ExceptionHandler, 1 ResponseBodyAdvice
2019-08-28 21:19:42.901  WARN 4532 --- [restartedMain] ion$DefaultTemplateResolverConfiguration : Cannot find template location: classpath:/templates/ (please add some templates or check your Thymeleaf configuration)
2019-08-28 21:19:43.030  INFO 4532 --- [restartedMain] com.zaxxer.hikari.HikariDataSource       : HikariPool-1 - Starting...
2019-08-28 21:19:43.199  INFO 4532 --- [restartedMain] com.zaxxer.hikari.HikariDataSource       : HikariPool-1 - Start completed.
2019-08-28 21:19:43.302  INFO 4532 --- [restartedMain] o.s.b.d.a.OptionalLiveReloadServer       : LiveReload server is running on port 35729
2019-08-28 21:19:43.355  INFO 4532 --- [restartedMain] o.s.b.w.embedded.tomcat.TomcatWebServer  : Tomcat started on port(s): 6001 (http) with context path ''
2019-08-28 21:19:43.357  INFO 4532 --- [restartedMain] c.s.r.view.RedHeartViewApplication       : Started RedHeartViewApplication in 3.715 seconds (JVM running for 5.014)
2019-08-28 21:21:22.445  INFO 11016 --- [restartedMain] c.s.r.view.RedHeartViewApplication       : Starting RedHeartViewApplication on PC-201809130123 with PID 11016 (F:\SINOTHK\IT\Workspace\RedHeartLab\code\RedHeartLib\RedHeart-View\target\classes started by Administrator in F:\SINOTHK\IT\Workspace\RedHeartLab\code\RedHeartLib)
2019-08-28 21:21:22.449  INFO 11016 --- [restartedMain] c.s.r.view.RedHeartViewApplication       : The following profiles are active: dev
2019-08-28 21:21:22.506  INFO 11016 --- [restartedMain] .e.DevToolsPropertyDefaultsPostProcessor : Devtools property defaults active! Set 'spring.devtools.add-properties' to 'false' to disable
2019-08-28 21:21:22.506  INFO 11016 --- [restartedMain] .e.DevToolsPropertyDefaultsPostProcessor : For additional web related logging consider setting the 'logging.level.web' property to 'DEBUG'
2019-08-28 21:21:23.257  WARN 11016 --- [restartedMain] o.m.s.mapper.ClassPathMapperScanner      : No MyBatis mapper was found in '[com.sinothk.redheart.view]' package. Please check your configuration.
2019-08-28 21:21:23.894  INFO 11016 --- [restartedMain] o.s.b.w.embedded.tomcat.TomcatWebServer  : Tomcat initialized with port(s): 6001 (http)
2019-08-28 21:21:23.951  INFO 11016 --- [restartedMain] o.apache.catalina.core.StandardService   : Starting service [Tomcat]
2019-08-28 21:21:23.951  INFO 11016 --- [restartedMain] org.apache.catalina.core.StandardEngine  : Starting Servlet engine: [Apache Tomcat/9.0.22]
2019-08-28 21:21:23.959  INFO 11016 --- [restartedMain] o.a.catalina.core.AprLifecycleListener   : An older version [1.2.14] of the APR based Apache Tomcat Native library is installed, while Tomcat recommends a minimum version of [1.2.23]
2019-08-28 21:21:23.959  INFO 11016 --- [restartedMain] o.a.catalina.core.AprLifecycleListener   : Loaded APR based Apache Tomcat Native library [1.2.14] using APR version [1.6.2].
2019-08-28 21:21:23.959  INFO 11016 --- [restartedMain] o.a.catalina.core.AprLifecycleListener   : APR capabilities: IPv6 [true], sendfile [true], accept filters [false], random [true].
2019-08-28 21:21:23.959  INFO 11016 --- [restartedMain] o.a.catalina.core.AprLifecycleListener   : APR/OpenSSL configuration: useAprConnector [false], useOpenSSL [true]
2019-08-28 21:21:24.996  INFO 11016 --- [restartedMain] o.a.catalina.core.AprLifecycleListener   : OpenSSL successfully initialized [OpenSSL 1.0.2l  25 May 2017]
2019-08-28 21:21:25.136  INFO 11016 --- [restartedMain] o.a.c.c.C.[Tomcat].[localhost].[/]       : Initializing Spring embedded WebApplicationContext
2019-08-28 21:21:25.137 DEBUG 11016 --- [restartedMain] o.s.web.context.ContextLoader            : Published root WebApplicationContext as ServletContext attribute with name [org.springframework.web.context.WebApplicationContext.ROOT]
2019-08-28 21:21:25.137  INFO 11016 --- [restartedMain] o.s.web.context.ContextLoader            : Root WebApplicationContext: initialization completed in 2631 ms
2019-08-28 21:21:25.235 DEBUG 11016 --- [restartedMain] o.s.w.s.handler.SimpleUrlHandlerMapping  : Patterns [/**/favicon.ico] in 'faviconHandlerMapping'
2019-08-28 21:21:25.341  INFO 11016 --- [restartedMain] o.s.s.concurrent.ThreadPoolTaskExecutor  : Initializing ExecutorService 'applicationTaskExecutor'
2019-08-28 21:21:25.352 DEBUG 11016 --- [restartedMain] s.w.s.m.m.a.RequestMappingHandlerAdapter : ControllerAdvice beans: 0 @ModelAttribute, 0 @InitBinder, 1 RequestBodyAdvice, 1 ResponseBodyAdvice
2019-08-28 21:21:25.394 DEBUG 11016 --- [restartedMain] s.w.s.m.m.a.RequestMappingHandlerMapping : 2 mappings in 'requestMappingHandlerMapping'
2019-08-28 21:21:25.409 DEBUG 11016 --- [restartedMain] o.s.w.s.handler.SimpleUrlHandlerMapping  : Patterns [/webjars/**, /**] in 'resourceHandlerMapping'
2019-08-28 21:21:25.417 DEBUG 11016 --- [restartedMain] .m.m.a.ExceptionHandlerExceptionResolver : ControllerAdvice beans: 0 @ExceptionHandler, 1 ResponseBodyAdvice
2019-08-28 21:21:25.435  WARN 11016 --- [restartedMain] ion$DefaultTemplateResolverConfiguration : Cannot find template location: classpath:/templates/ (please add some templates or check your Thymeleaf configuration)
2019-08-28 21:21:25.568  INFO 11016 --- [restartedMain] com.zaxxer.hikari.HikariDataSource       : HikariPool-1 - Starting...
2019-08-28 21:21:25.755  INFO 11016 --- [restartedMain] com.zaxxer.hikari.HikariDataSource       : HikariPool-1 - Start completed.
2019-08-28 21:21:25.897  INFO 11016 --- [restartedMain] o.s.b.d.a.OptionalLiveReloadServer       : LiveReload server is running on port 35729
2019-08-28 21:21:25.993  INFO 11016 --- [restartedMain] o.s.b.w.embedded.tomcat.TomcatWebServer  : Tomcat started on port(s): 6001 (http) with context path ''
2019-08-28 21:21:25.997  INFO 11016 --- [restartedMain] c.s.r.view.RedHeartViewApplication       : Started RedHeartViewApplication in 4.024 seconds (JVM running for 5.108)
